# JRE version: OpenJDK Runtime Environment (8.0_112-b06) (build 1.8.0_112-release-b06)
# Java VM: OpenJDK 64-Bit Server VM (25.112-b06 mixed mode windows-amd64 compressed oops)
Heap:
 PSYoungGen      total 260608K, used 167559K [0x00000000eab00000, 0x0000000100000000, 0x0000000100000000)
  eden space 246272K, 62% used [0x00000000eab00000,0x00000000f40a8de8,0x00000000f9b80000)
  from space 14336K, 99% used [0x00000000f9b80000,0x00000000fa978f40,0x00000000fa980000)
  to   space 20480K, 0% used [0x00000000fec00000,0x00000000fec00000,0x0000000100000000)
 ParOldGen       total 80896K, used 27889K [0x00000000c0000000, 0x00000000c4f00000, 0x00000000eab00000)
  object space 80896K, 34% used [0x00000000c0000000,0x00000000c1b3c790,0x00000000c4f00000)
 Metaspace       used 54113K, capacity 56542K, committed 56832K, reserved 1097728K
  class space    used 7329K, capacity 7840K, committed 7936K, reserved 1048576K
GC Heap History (10 events):
Event: 7.323 GC heap before
{Heap before GC invocations=7 (full 1):
 PSYoungGen      total 87552K, used 87538K [0x00000000eab00000, 0x00000000f5180000, 0x0000000100000000)
  eden space 80896K, 100% used [0x00000000eab00000,0x00000000efa00000,0x00000000efa00000)
  from space 6656K, 99% used [0x00000000efa00000,0x00000000f007c9d8,0x00000000f0080000)
  to   space 12288K, 0% used [0x00000000f4580000,0x00000000f4580000,0x00000000f5180000)
 ParOldGen       total 59392K, used 10873K [0x00000000c0000000, 0x00000000c3a00000, 0x00000000eab00000)
  object space 59392K, 18% used [0x00000000c0000000,0x00000000c0a9e738,0x00000000c3a00000)
 Metaspace       used 32413K, capacity 33122K, committed 33280K, reserved 1077248K
  class space    used 4389K, capacity 4575K, committed 4608K, reserved 1048576K
Event: 7.369 GC heap after
Heap after GC invocations=7 (full 1):
 PSYoungGen      total 154112K, used 9789K [0x00000000eab00000, 0x00000000f5000000, 0x0000000100000000)
  eden space 143360K, 0% used [0x00000000eab00000,0x00000000eab00000,0x00000000f3700000)
  from space 10752K, 91% used [0x00000000f4580000,0x00000000f4f0f588,0x00000000f5000000)
  to   space 12800K, 0% used [0x00000000f3700000,0x00000000f3700000,0x00000000f4380000)
 ParOldGen       total 59392K, used 10881K [0x00000000c0000000, 0x00000000c3a00000, 0x00000000eab00000)
  object space 59392K, 18% used [0x00000000c0000000,0x00000000c0aa0738,0x00000000c3a00000)
 Metaspace       used 32413K, capacity 33122K, committed 33280K, reserved 1077248K
  class space    used 4389K, capacity 4575K, committed 4608K, reserved 1048576K
}
Event: 7.808 GC heap before
{Heap before GC invocations=8 (full 1):
 PSYoungGen      total 154112K, used 29343K [0x00000000eab00000, 0x00000000f5000000, 0x0000000100000000)
  eden space 143360K, 13% used [0x00000000eab00000,0x00000000ebe18930,0x00000000f3700000)
  from space 10752K, 91% used [0x00000000f4580000,0x00000000f4f0f588,0x00000000f5000000)
  to   space 12800K, 0% used [0x00000000f3700000,0x00000000f3700000,0x00000000f4380000)
 ParOldGen       total 59392K, used 10881K [0x00000000c0000000, 0x00000000c3a00000, 0x00000000eab00000)
  object space 59392K, 18% used [0x00000000c0000000,0x00000000c0aa0738,0x00000000c3a00000)
 Metaspace       used 34580K, capacity 35346K, committed 35496K, reserved 1079296K
  class space    used 4659K, capacity 4851K, committed 4864K, reserved 1048576K
Event: 7.826 GC heap after
Heap after GC invocations=8 (full 1):
 PSYoungGen      total 156160K, used 9308K [0x00000000eab00000, 0x00000000fb780000, 0x0000000100000000)
  eden space 143360K, 0% used [0x00000000eab00000,0x00000000eab00000,0x00000000f3700000)
  from space 12800K, 72% used [0x00000000f3700000,0x00000000f4017108,0x00000000f4380000)
  to   space 12800K, 0% used [0x00000000fab00000,0x00000000fab00000,0x00000000fb780000)
 ParOldGen       total 59392K, used 10889K [0x00000000c0000000, 0x00000000c3a00000, 0x00000000eab00000)
  object space 59392K, 18% used [0x00000000c0000000,0x00000000c0aa2738,0x00000000c3a00000)
 Metaspace       used 34580K, capacity 35346K, committed 35496K, reserved 1079296K
  class space    used 4659K, capacity 4851K, committed 4864K, reserved 1048576K
}
Event: 7.826 GC heap before
{Heap before GC invocations=9 (full 2):
 PSYoungGen      total 156160K, used 9308K [0x00000000eab00000, 0x00000000fb780000, 0x0000000100000000)
  eden space 143360K, 0% used [0x00000000eab00000,0x00000000eab00000,0x00000000f3700000)
  from space 12800K, 72% used [0x00000000f3700000,0x00000000f4017108,0x00000000f4380000)
  to   space 12800K, 0% used [0x00000000fab00000,0x00000000fab00000,0x00000000fb780000)
 ParOldGen       total 59392K, used 10889K [0x00000000c0000000, 0x00000000c3a00000, 0x00000000eab00000)
  object space 59392K, 18% used [0x00000000c0000000,0x00000000c0aa2738,0x00000000c3a00000)
 Metaspace       used 34580K, capacity 35346K, committed 35496K, reserved 1079296K
  class space    used 4659K, capacity 4851K, committed 4864K, reserved 1048576K
Event: 7.953 GC heap after
Heap after GC invocations=9 (full 2):
 PSYoungGen      total 156160K, used 0K [0x00000000eab00000, 0x00000000fb780000, 0x0000000100000000)
  eden space 143360K, 0% used [0x00000000eab00000,0x00000000eab00000,0x00000000f3700000)
  from space 12800K, 0% used [0x00000000f3700000,0x00000000f3700000,0x00000000f4380000)
  to   space 12800K, 0% used [0x00000000fab00000,0x00000000fab00000,0x00000000fb780000)
 ParOldGen       total 80896K, used 15894K [0x00000000c0000000, 0x00000000c4f00000, 0x00000000eab00000)
  object space 80896K, 19% used [0x00000000c0000000,0x00000000c0f859e0,0x00000000c4f00000)
 Metaspace       used 34580K, capacity 35346K, committed 35496K, reserved 1079296K
  class space    used 4659K, capacity 4851K, committed 4864K, reserved 1048576K
}
Event: 10.101 GC heap before
{Heap before GC invocations=10 (full 2):
 PSYoungGen      total 156160K, used 143360K [0x00000000eab00000, 0x00000000fb780000, 0x0000000100000000)
  eden space 143360K, 100% used [0x00000000eab00000,0x00000000f3700000,0x00000000f3700000)
  from space 12800K, 0% used [0x00000000f3700000,0x00000000f3700000,0x00000000f4380000)
  to   space 12800K, 0% used [0x00000000fab00000,0x00000000fab00000,0x00000000fb780000)
 ParOldGen       total 80896K, used 15894K [0x00000000c0000000, 0x00000000c4f00000, 0x00000000eab00000)
  object space 80896K, 19% used [0x00000000c0000000,0x00000000c0f859e0,0x00000000c4f00000)
 Metaspace       used 42966K, capacity 43920K, committed 44288K, reserved 1087488K
  class space    used 5770K, capacity 6018K, committed 6144K, reserved 1048576K
Event: 10.120 GC heap after
Heap after GC invocations=10 (full 2):
 PSYoungGen      total 252928K, used 12663K [0x00000000eab00000, 0x00000000fb780000, 0x0000000100000000)
  eden space 240128K, 0% used [0x00000000eab00000,0x00000000eab00000,0x00000000f9580000)
  from space 12800K, 98% used [0x00000000fab00000,0x00000000fb75ddf0,0x00000000fb780000)
  to   space 14336K, 0% used [0x00000000f9b80000,0x00000000f9b80000,0x00000000fa980000)
 ParOldGen       total 80896K, used 15902K [0x00000000c0000000, 0x00000000c4f00000, 0x00000000eab00000)
  object space 80896K, 19% used [0x00000000c0000000,0x00000000c0f879e0,0x00000000c4f00000)
 Metaspace       used 42966K, capacity 43920K, committed 44288K, reserved 1087488K
  class space    used 5770K, capacity 6018K, committed 6144K, reserved 1048576K
}
Event: 13.224 GC heap before
{Heap before GC invocations=11 (full 2):
 PSYoungGen      total 252928K, used 252791K [0x00000000eab00000, 0x00000000fb780000, 0x0000000100000000)
  eden space 240128K, 100% used [0x00000000eab00000,0x00000000f9580000,0x00000000f9580000)
  from space 12800K, 98% used [0x00000000fab00000,0x00000000fb75ddf0,0x00000000fb780000)
  to   space 14336K, 0% used [0x00000000f9b80000,0x00000000f9b80000,0x00000000fa980000)
 ParOldGen       total 80896K, used 15902K [0x00000000c0000000, 0x00000000c4f00000, 0x00000000eab00000)
  object space 80896K, 19% used [0x00000000c0000000,0x00000000c0f879e0,0x00000000c4f00000)
 Metaspace       used 50093K, capacity 51756K, committed 52096K, reserved 1093632K
  class space    used 6807K, capacity 7206K, committed 7296K, reserved 1048576K
Event: 13.280 GC heap after
Heap after GC invocations=11 (full 2):
 PSYoungGen      total 260608K, used 14307K [0x00000000eab00000, 0x0000000100000000, 0x0000000100000000)
  eden space 246272K, 0% used [0x00000000eab00000,0x00000000eab00000,0x00000000f9b80000)
  from space 14336K, 99% used [0x00000000f9b80000,0x00000000fa978f40,0x00000000fa980000)
  to   space 20480K, 0% used [0x00000000fec00000,0x00000000fec00000,0x0000000100000000)
 ParOldGen       total 80896K, used 27889K [0x00000000c0000000, 0x00000000c4f00000, 0x00000000eab00000)
  object space 80896K, 34% used [0x00000000c0000000,0x00000000c1b3c790,0x00000000c4f00000)
 Metaspace       used 50093K, capacity 51756K, committed 52096K, reserved 1093632K
  class space    used 6807K, capacity 7206K, committed 7296K, reserved 1048576K
}

