# JRE version: OpenJDK Runtime Environment (8.0_112-b06) (build 1.8.0_112-release-b06)
# Java VM: OpenJDK 64-Bit Server VM (25.112-b06 mixed mode windows-amd64 compressed oops)
Heap:
 PSYoungGen      total 240640K, used 130157K [0x00000000eab00000, 0x0000000100000000, 0x0000000100000000)
  eden space 126976K, 100% used [0x00000000eab00000,0x00000000f2700000,0x00000000f2700000)
  from space 113664K, 2% used [0x00000000f9100000,0x00000000f941b668,0x0000000100000000)
  to   space 108544K, 42% used [0x00000000f2700000,0x00000000f5465050,0x00000000f9100000)
 ParOldGen       total 699392K, used 538901K [0x00000000c0000000, 0x00000000eab00000, 0x00000000eab00000)
  object space 699392K, 77% used [0x00000000c0000000,0x00000000e0e45630,0x00000000eab00000)
 Metaspace       used 6908K, capacity 7664K, committed 7808K, reserved 1056768K
  class space    used 610K, capacity 616K, committed 640K, reserved 1048576K
GC Heap History (10 events):
Event: 25.395 GC heap after
Heap after GC invocations=30 (full 3):
 PSYoungGen      total 199680K, used 72705K [0x00000000eab00000, 0x0000000100000000, 0x0000000100000000)
  eden space 126464K, 0% used [0x00000000eab00000,0x00000000eab00000,0x00000000f2680000)
  from space 73216K, 99% used [0x00000000f2680000,0x00000000f6d807a0,0x00000000f6e00000)
  to   space 112640K, 0% used [0x00000000f9200000,0x00000000f9200000,0x0000000100000000)
 ParOldGen       total 538624K, used 424807K [0x00000000c0000000, 0x00000000e0e00000, 0x00000000eab00000)
  object space 538624K, 78% used [0x00000000c0000000,0x00000000d9ed9ea8,0x00000000e0e00000)
 Metaspace       used 6485K, capacity 7280K, committed 7552K, reserved 1056768K
  class space    used 590K, capacity 616K, committed 640K, reserved 1048576K
}
Event: 25.787 GC heap before
{Heap before GC invocations=31 (full 3):
 PSYoungGen      total 199680K, used 199169K [0x00000000eab00000, 0x0000000100000000, 0x0000000100000000)
  eden space 126464K, 100% used [0x00000000eab00000,0x00000000f2680000,0x00000000f2680000)
  from space 73216K, 99% used [0x00000000f2680000,0x00000000f6d807a0,0x00000000f6e00000)
  to   space 112640K, 0% used [0x00000000f9200000,0x00000000f9200000,0x0000000100000000)
 ParOldGen       total 538624K, used 424807K [0x00000000c0000000, 0x00000000e0e00000, 0x00000000eab00000)
  object space 538624K, 78% used [0x00000000c0000000,0x00000000d9ed9ea8,0x00000000e0e00000)
 Metaspace       used 6485K, capacity 7280K, committed 7552K, reserved 1056768K
  class space    used 590K, capacity 616K, committed 640K, reserved 1048576K
Event: 25.943 GC heap after
Heap after GC invocations=31 (full 3):
 PSYoungGen      total 235520K, used 71605K [0x00000000eab00000, 0x0000000100000000, 0x0000000100000000)
  eden space 122880K, 0% used [0x00000000eab00000,0x00000000eab00000,0x00000000f2300000)
  from space 112640K, 63% used [0x00000000f9200000,0x00000000fd7ed438,0x0000000100000000)
  to   space 113152K, 0% used [0x00000000f2300000,0x00000000f2300000,0x00000000f9180000)
 ParOldGen       total 538624K, used 443612K [0x00000000c0000000, 0x00000000e0e00000, 0x00000000eab00000)
  object space 538624K, 82% used [0x00000000c0000000,0x00000000db1371f8,0x00000000e0e00000)
 Metaspace       used 6485K, capacity 7280K, committed 7552K, reserved 1056768K
  class space    used 590K, capacity 616K, committed 640K, reserved 1048576K
}
Event: 26.266 GC heap before
{Heap before GC invocations=32 (full 3):
 PSYoungGen      total 235520K, used 194485K [0x00000000eab00000, 0x0000000100000000, 0x0000000100000000)
  eden space 122880K, 100% used [0x00000000eab00000,0x00000000f2300000,0x00000000f2300000)
  from space 112640K, 63% used [0x00000000f9200000,0x00000000fd7ed438,0x0000000100000000)
  to   space 113152K, 0% used [0x00000000f2300000,0x00000000f2300000,0x00000000f9180000)
 ParOldGen       total 538624K, used 443612K [0x00000000c0000000, 0x00000000e0e00000, 0x00000000eab00000)
  object space 538624K, 82% used [0x00000000c0000000,0x00000000db1371f8,0x00000000e0e00000)
 Metaspace       used 6486K, capacity 7280K, committed 7552K, reserved 1056768K
  class space    used 590K, capacity 616K, committed 640K, reserved 1048576K
Event: 26.380 GC heap after
Heap after GC invocations=32 (full 3):
 PSYoungGen      total 195584K, used 72575K [0x00000000eab00000, 0x0000000100000000, 0x0000000100000000)
  eden space 122880K, 0% used [0x00000000eab00000,0x00000000eab00000,0x00000000f2300000)
  from space 72704K, 99% used [0x00000000f2300000,0x00000000f69dfdf8,0x00000000f6a00000)
  to   space 113664K, 0% used [0x00000000f9100000,0x00000000f9100000,0x0000000100000000)
 ParOldGen       total 538624K, used 460506K [0x00000000c0000000, 0x00000000e0e00000, 0x00000000eab00000)
  object space 538624K, 85% used [0x00000000c0000000,0x00000000dc1b6b98,0x00000000e0e00000)
 Metaspace       used 6486K, capacity 7280K, committed 7552K, reserved 1056768K
  class space    used 590K, capacity 616K, committed 640K, reserved 1048576K
}
Event: 27.823 GC heap before
{Heap before GC invocations=33 (full 3):
 PSYoungGen      total 195584K, used 195455K [0x00000000eab00000, 0x0000000100000000, 0x0000000100000000)
  eden space 122880K, 100% used [0x00000000eab00000,0x00000000f2300000,0x00000000f2300000)
  from space 72704K, 99% used [0x00000000f2300000,0x00000000f69dfdf8,0x00000000f6a00000)
  to   space 113664K, 0% used [0x00000000f9100000,0x00000000f9100000,0x0000000100000000)
 ParOldGen       total 538624K, used 460506K [0x00000000c0000000, 0x00000000e0e00000, 0x00000000eab00000)
  object space 538624K, 85% used [0x00000000c0000000,0x00000000dc1b6b98,0x00000000e0e00000)
 Metaspace       used 6609K, capacity 7344K, committed 7552K, reserved 1056768K
  class space    used 596K, capacity 616K, committed 640K, reserved 1048576K
Event: 27.965 GC heap after
Heap after GC invocations=33 (full 3):
 PSYoungGen      total 240640K, used 54081K [0x00000000eab00000, 0x0000000100000000, 0x0000000100000000)
  eden space 126976K, 0% used [0x00000000eab00000,0x00000000eab00000,0x00000000f2700000)
  from space 113664K, 47% used [0x00000000f9100000,0x00000000fc5d05d8,0x0000000100000000)
  to   space 108544K, 0% used [0x00000000f2700000,0x00000000f2700000,0x00000000f9100000)
 ParOldGen       total 538624K, used 496328K [0x00000000c0000000, 0x00000000e0e00000, 0x00000000eab00000)
  object space 538624K, 92% used [0x00000000c0000000,0x00000000de4b2030,0x00000000e0e00000)
 Metaspace       used 6609K, capacity 7344K, committed 7552K, reserved 1056768K
  class space    used 596K, capacity 616K, committed 640K, reserved 1048576K
}
Event: 27.965 GC heap before
{Heap before GC invocations=34 (full 4):
 PSYoungGen      total 240640K, used 54081K [0x00000000eab00000, 0x0000000100000000, 0x0000000100000000)
  eden space 126976K, 0% used [0x00000000eab00000,0x00000000eab00000,0x00000000f2700000)
  from space 113664K, 47% used [0x00000000f9100000,0x00000000fc5d05d8,0x0000000100000000)
  to   space 108544K, 0% used [0x00000000f2700000,0x00000000f2700000,0x00000000f9100000)
 ParOldGen       total 538624K, used 496328K [0x00000000c0000000, 0x00000000e0e00000, 0x00000000eab00000)
  object space 538624K, 92% used [0x00000000c0000000,0x00000000de4b2030,0x00000000e0e00000)
 Metaspace       used 6609K, capacity 7344K, committed 7552K, reserved 1056768K
  class space    used 596K, capacity 616K, committed 640K, reserved 1048576K
Event: 31.863 GC heap after
Heap after GC invocations=34 (full 4):
 PSYoungGen      total 240640K, used 3181K [0x00000000eab00000, 0x0000000100000000, 0x0000000100000000)
  eden space 126976K, 0% used [0x00000000eab00000,0x00000000eab00000,0x00000000f2700000)
  from space 113664K, 2% used [0x00000000f9100000,0x00000000f941b668,0x0000000100000000)
  to   space 108544K, 0% used [0x00000000f2700000,0x00000000f2700000,0x00000000f9100000)
 ParOldGen       total 699392K, used 538533K [0x00000000c0000000, 0x00000000eab00000, 0x00000000eab00000)
  object space 699392K, 77% used [0x00000000c0000000,0x00000000e0de9630,0x00000000eab00000)
 Metaspace       used 6609K, capacity 7344K, committed 7552K, reserved 1056768K
  class space    used 596K, capacity 616K, committed 640K, reserved 1048576K
}
Event: 33.729 GC heap before
{Heap before GC invocations=35 (full 4):
 PSYoungGen      total 240640K, used 130157K [0x00000000eab00000, 0x0000000100000000, 0x0000000100000000)
  eden space 126976K, 100% used [0x00000000eab00000,0x00000000f2700000,0x00000000f2700000)
  from space 113664K, 2% used [0x00000000f9100000,0x00000000f941b668,0x0000000100000000)
  to   space 108544K, 0% used [0x00000000f2700000,0x00000000f2700000,0x00000000f9100000)
 ParOldGen       total 699392K, used 538533K [0x00000000c0000000, 0x00000000eab00000, 0x00000000eab00000)
  object space 699392K, 77% used [0x00000000c0000000,0x00000000e0de9630,0x00000000eab00000)
 Metaspace       used 6908K, capacity 7664K, committed 7808K, reserved 1056768K
  class space    used 610K, capacity 616K, committed 640K, reserved 1048576K

