# JRE version: OpenJDK Runtime Environment (8.0_112-b06) (build 1.8.0_112-release-b06)
# Java VM: OpenJDK 64-Bit Server VM (25.112-b06 mixed mode windows-amd64 compressed oops)
Heap:
 PSYoungGen      total 232960K, used 57232K [0x00000000eab00000, 0x0000000100000000, 0x0000000100000000)
  eden space 116736K, 0% used [0x00000000eab00000,0x00000000eab00000,0x00000000f1d00000)
  from space 116224K, 49% used [0x00000000f1d00000,0x00000000f54e4150,0x00000000f8e80000)
  to   space 116224K, 0% used [0x00000000f8e80000,0x00000000f8e80000,0x0000000100000000)
 ParOldGen       total 211456K, used 204704K [0x00000000c0000000, 0x00000000cce80000, 0x00000000eab00000)
  object space 211456K, 96% used [0x00000000c0000000,0x00000000cc7e8160,0x00000000cce80000)
 Metaspace       used 6446K, capacity 7280K, committed 7552K, reserved 1056768K
  class space    used 588K, capacity 616K, committed 640K, reserved 1048576K
GC Heap History (10 events):
Event: 10.126 GC heap after
Heap after GC invocations=10 (full 1):
 PSYoungGen      total 241664K, used 44720K [0x00000000eab00000, 0x0000000100000000, 0x0000000100000000)
  eden space 196608K, 0% used [0x00000000eab00000,0x00000000eab00000,0x00000000f6b00000)
  from space 45056K, 99% used [0x00000000f6b00000,0x00000000f96ac350,0x00000000f9700000)
  to   space 77312K, 0% used [0x00000000fb480000,0x00000000fb480000,0x0000000100000000)
 ParOldGen       total 211456K, used 117294K [0x00000000c0000000, 0x00000000cce80000, 0x00000000eab00000)
  object space 211456K, 55% used [0x00000000c0000000,0x00000000c728bba8,0x00000000cce80000)
 Metaspace       used 6425K, capacity 7280K, committed 7552K, reserved 1056768K
  class space    used 586K, capacity 616K, committed 640K, reserved 1048576K
}
Event: 12.228 GC heap before
{Heap before GC invocations=11 (full 1):
 PSYoungGen      total 241664K, used 241328K [0x00000000eab00000, 0x0000000100000000, 0x0000000100000000)
  eden space 196608K, 100% used [0x00000000eab00000,0x00000000f6b00000,0x00000000f6b00000)
  from space 45056K, 99% used [0x00000000f6b00000,0x00000000f96ac350,0x00000000f9700000)
  to   space 77312K, 0% used [0x00000000fb480000,0x00000000fb480000,0x0000000100000000)
 ParOldGen       total 211456K, used 117294K [0x00000000c0000000, 0x00000000cce80000, 0x00000000eab00000)
  object space 211456K, 55% used [0x00000000c0000000,0x00000000c728bba8,0x00000000cce80000)
 Metaspace       used 6433K, capacity 7280K, committed 7552K, reserved 1056768K
  class space    used 586K, capacity 616K, committed 640K, reserved 1048576K
Event: 12.332 GC heap after
Heap after GC invocations=11 (full 1):
 PSYoungGen      total 248320K, used 73906K [0x00000000eab00000, 0x0000000100000000, 0x0000000100000000)
  eden space 171008K, 0% used [0x00000000eab00000,0x00000000eab00000,0x00000000f5200000)
  from space 77312K, 95% used [0x00000000fb480000,0x00000000ffcac990,0x0000000100000000)
  to   space 89088K, 0% used [0x00000000f5200000,0x00000000f5200000,0x00000000fa900000)
 ParOldGen       total 211456K, used 117294K [0x00000000c0000000, 0x00000000cce80000, 0x00000000eab00000)
  object space 211456K, 55% used [0x00000000c0000000,0x00000000c728bba8,0x00000000cce80000)
 Metaspace       used 6433K, capacity 7280K, committed 7552K, reserved 1056768K
  class space    used 586K, capacity 616K, committed 640K, reserved 1048576K
}
Event: 12.951 GC heap before
{Heap before GC invocations=12 (full 1):
 PSYoungGen      total 248320K, used 244914K [0x00000000eab00000, 0x0000000100000000, 0x0000000100000000)
  eden space 171008K, 100% used [0x00000000eab00000,0x00000000f5200000,0x00000000f5200000)
  from space 77312K, 95% used [0x00000000fb480000,0x00000000ffcac990,0x0000000100000000)
  to   space 89088K, 0% used [0x00000000f5200000,0x00000000f5200000,0x00000000fa900000)
 ParOldGen       total 211456K, used 117294K [0x00000000c0000000, 0x00000000cce80000, 0x00000000eab00000)
  object space 211456K, 55% used [0x00000000c0000000,0x00000000c728bba8,0x00000000cce80000)
 Metaspace       used 6439K, capacity 7280K, committed 7552K, reserved 1056768K
  class space    used 588K, capacity 616K, committed 640K, reserved 1048576K
Event: 13.120 GC heap after
Heap after GC invocations=12 (full 1):
 PSYoungGen      total 260096K, used 89074K [0x00000000eab00000, 0x0000000100000000, 0x0000000100000000)
  eden space 171008K, 0% used [0x00000000eab00000,0x00000000eab00000,0x00000000f5200000)
  from space 89088K, 99% used [0x00000000f5200000,0x00000000fa8fcb08,0x00000000fa900000)
  to   space 89088K, 0% used [0x00000000fa900000,0x00000000fa900000,0x0000000100000000)
 ParOldGen       total 211456K, used 126635K [0x00000000c0000000, 0x00000000cce80000, 0x00000000eab00000)
  object space 211456K, 59% used [0x00000000c0000000,0x00000000c7baac58,0x00000000cce80000)
 Metaspace       used 6439K, capacity 7280K, committed 7552K, reserved 1056768K
  class space    used 588K, capacity 616K, committed 640K, reserved 1048576K
}
Event: 13.687 GC heap before
{Heap before GC invocations=13 (full 1):
 PSYoungGen      total 260096K, used 260082K [0x00000000eab00000, 0x0000000100000000, 0x0000000100000000)
  eden space 171008K, 100% used [0x00000000eab00000,0x00000000f5200000,0x00000000f5200000)
  from space 89088K, 99% used [0x00000000f5200000,0x00000000fa8fcb08,0x00000000fa900000)
  to   space 89088K, 0% used [0x00000000fa900000,0x00000000fa900000,0x0000000100000000)
 ParOldGen       total 211456K, used 126635K [0x00000000c0000000, 0x00000000cce80000, 0x00000000eab00000)
  object space 211456K, 59% used [0x00000000c0000000,0x00000000c7baac58,0x00000000cce80000)
 Metaspace       used 6443K, capacity 7280K, committed 7552K, reserved 1056768K
  class space    used 588K, capacity 616K, committed 640K, reserved 1048576K
Event: 13.879 GC heap after
Heap after GC invocations=13 (full 1):
 PSYoungGen      total 205824K, used 89061K [0x00000000eab00000, 0x0000000100000000, 0x0000000100000000)
  eden space 116736K, 0% used [0x00000000eab00000,0x00000000eab00000,0x00000000f1d00000)
  from space 89088K, 99% used [0x00000000fa900000,0x00000000ffff96a8,0x0000000100000000)
  to   space 116224K, 0% used [0x00000000f1d00000,0x00000000f1d00000,0x00000000f8e80000)
 ParOldGen       total 211456K, used 153238K [0x00000000c0000000, 0x00000000cce80000, 0x00000000eab00000)
  object space 211456K, 72% used [0x00000000c0000000,0x00000000c95a5a08,0x00000000cce80000)
 Metaspace       used 6443K, capacity 7280K, committed 7552K, reserved 1056768K
  class space    used 588K, capacity 616K, committed 640K, reserved 1048576K
}
Event: 14.301 GC heap before
{Heap before GC invocations=14 (full 1):
 PSYoungGen      total 205824K, used 205797K [0x00000000eab00000, 0x0000000100000000, 0x0000000100000000)
  eden space 116736K, 100% used [0x00000000eab00000,0x00000000f1d00000,0x00000000f1d00000)
  from space 89088K, 99% used [0x00000000fa900000,0x00000000ffff96a8,0x0000000100000000)
  to   space 116224K, 0% used [0x00000000f1d00000,0x00000000f1d00000,0x00000000f8e80000)
 ParOldGen       total 211456K, used 153238K [0x00000000c0000000, 0x00000000cce80000, 0x00000000eab00000)
  object space 211456K, 72% used [0x00000000c0000000,0x00000000c95a5a08,0x00000000cce80000)
 Metaspace       used 6446K, capacity 7280K, committed 7552K, reserved 1056768K
  class space    used 588K, capacity 616K, committed 640K, reserved 1048576K
Event: 14.481 GC heap after
Heap after GC invocations=14 (full 1):
 PSYoungGen      total 232960K, used 57232K [0x00000000eab00000, 0x0000000100000000, 0x0000000100000000)
  eden space 116736K, 0% used [0x00000000eab00000,0x00000000eab00000,0x00000000f1d00000)
  from space 116224K, 49% used [0x00000000f1d00000,0x00000000f54e4150,0x00000000f8e80000)
  to   space 116224K, 0% used [0x00000000f8e80000,0x00000000f8e80000,0x0000000100000000)
 ParOldGen       total 211456K, used 204704K [0x00000000c0000000, 0x00000000cce80000, 0x00000000eab00000)
  object space 211456K, 96% used [0x00000000c0000000,0x00000000cc7e8160,0x00000000cce80000)
 Metaspace       used 6446K, capacity 7280K, committed 7552K, reserved 1056768K
  class space    used 588K, capacity 616K, committed 640K, reserved 1048576K
}
Event: 14.482 GC heap before
{Heap before GC invocations=15 (full 2):
 PSYoungGen      total 232960K, used 57232K [0x00000000eab00000, 0x0000000100000000, 0x0000000100000000)
  eden space 116736K, 0% used [0x00000000eab00000,0x00000000eab00000,0x00000000f1d00000)
  from space 116224K, 49% used [0x00000000f1d00000,0x00000000f54e4150,0x00000000f8e80000)
  to   space 116224K, 0% used [0x00000000f8e80000,0x00000000f8e80000,0x0000000100000000)
 ParOldGen       total 211456K, used 204704K [0x00000000c0000000, 0x00000000cce80000, 0x00000000eab00000)
  object space 211456K, 96% used [0x00000000c0000000,0x00000000cc7e8160,0x00000000cce80000)
 Metaspace       used 6446K, capacity 7280K, committed 7552K, reserved 1056768K
  class space    used 588K, capacity 616K, committed 640K, reserved 1048576K

