# JRE version: OpenJDK Runtime Environment (8.0_112-b06) (build 1.8.0_112-release-b06)
# Java VM: OpenJDK 64-Bit Server VM (25.112-b06 mixed mode windows-amd64 compressed oops)
Heap:
 PSYoungGen      total 238080K, used 213584K [0x00000000eab00000, 0x0000000100000000, 0x0000000100000000)
  eden space 137728K, 100% used [0x00000000eab00000,0x00000000f3180000,0x00000000f3180000)
  from space 100352K, 75% used [0x00000000f3180000,0x00000000f7b94148,0x00000000f9380000)
  to   space 105472K, 33% used [0x00000000f9900000,0x00000000fbb5f978,0x0000000100000000)
 ParOldGen       total 539648K, used 354570K [0x00000000c0000000, 0x00000000e0f00000, 0x00000000eab00000)
  object space 539648K, 65% used [0x00000000c0000000,0x00000000d5a42918,0x00000000e0f00000)
 Metaspace       used 6472K, capacity 7280K, committed 7552K, reserved 1056768K
  class space    used 590K, capacity 616K, committed 640K, reserved 1048576K
GC Heap History (10 events):
Event: 17.612 GC heap after
Heap after GC invocations=22 (full 3):
 PSYoungGen      total 229888K, used 0K [0x00000000eab00000, 0x00000000ffd00000, 0x0000000100000000)
  eden space 119808K, 0% used [0x00000000eab00000,0x00000000eab00000,0x00000000f2000000)
  from space 110080K, 0% used [0x00000000f2000000,0x00000000f2000000,0x00000000f8b80000)
  to   space 107008K, 0% used [0x00000000f9480000,0x00000000f9480000,0x00000000ffd00000)
 ParOldGen       total 539648K, used 354570K [0x00000000c0000000, 0x00000000e0f00000, 0x00000000eab00000)
  object space 539648K, 65% used [0x00000000c0000000,0x00000000d5a42918,0x00000000e0f00000)
 Metaspace       used 6469K, capacity 7280K, committed 7552K, reserved 1056768K
  class space    used 590K, capacity 616K, committed 640K, reserved 1048576K
}
Event: 17.996 GC heap before
{Heap before GC invocations=23 (full 3):
 PSYoungGen      total 229888K, used 119808K [0x00000000eab00000, 0x00000000ffd00000, 0x0000000100000000)
  eden space 119808K, 100% used [0x00000000eab00000,0x00000000f2000000,0x00000000f2000000)
  from space 110080K, 0% used [0x00000000f2000000,0x00000000f2000000,0x00000000f8b80000)
  to   space 107008K, 0% used [0x00000000f9480000,0x00000000f9480000,0x00000000ffd00000)
 ParOldGen       total 539648K, used 354570K [0x00000000c0000000, 0x00000000e0f00000, 0x00000000eab00000)
  object space 539648K, 65% used [0x00000000c0000000,0x00000000d5a42918,0x00000000e0f00000)
 Metaspace       used 6469K, capacity 7280K, committed 7552K, reserved 1056768K
  class space    used 590K, capacity 616K, committed 640K, reserved 1048576K
Event: 18.030 GC heap after
Heap after GC invocations=23 (full 3):
 PSYoungGen      total 239104K, used 18853K [0x00000000eab00000, 0x00000000ffd00000, 0x0000000100000000)
  eden space 132096K, 0% used [0x00000000eab00000,0x00000000eab00000,0x00000000f2c00000)
  from space 107008K, 17% used [0x00000000f9480000,0x00000000fa6e94c0,0x00000000ffd00000)
  to   space 107008K, 0% used [0x00000000f2c00000,0x00000000f2c00000,0x00000000f9480000)
 ParOldGen       total 539648K, used 354570K [0x00000000c0000000, 0x00000000e0f00000, 0x00000000eab00000)
  object space 539648K, 65% used [0x00000000c0000000,0x00000000d5a42918,0x00000000e0f00000)
 Metaspace       used 6469K, capacity 7280K, committed 7552K, reserved 1056768K
  class space    used 590K, capacity 616K, committed 640K, reserved 1048576K
}
Event: 18.481 GC heap before
{Heap before GC invocations=24 (full 3):
 PSYoungGen      total 239104K, used 150949K [0x00000000eab00000, 0x00000000ffd00000, 0x0000000100000000)
  eden space 132096K, 100% used [0x00000000eab00000,0x00000000f2c00000,0x00000000f2c00000)
  from space 107008K, 17% used [0x00000000f9480000,0x00000000fa6e94c0,0x00000000ffd00000)
  to   space 107008K, 0% used [0x00000000f2c00000,0x00000000f2c00000,0x00000000f9480000)
 ParOldGen       total 539648K, used 354570K [0x00000000c0000000, 0x00000000e0f00000, 0x00000000eab00000)
  object space 539648K, 65% used [0x00000000c0000000,0x00000000d5a42918,0x00000000e0f00000)
 Metaspace       used 6470K, capacity 7280K, committed 7552K, reserved 1056768K
  class space    used 590K, capacity 616K, committed 640K, reserved 1048576K
Event: 18.538 GC heap after
Heap after GC invocations=24 (full 3):
 PSYoungGen      total 169984K, used 37826K [0x00000000eab00000, 0x00000000ff800000, 0x0000000100000000)
  eden space 132096K, 0% used [0x00000000eab00000,0x00000000eab00000,0x00000000f2c00000)
  from space 37888K, 99% used [0x00000000f2c00000,0x00000000f50f0a40,0x00000000f5100000)
  to   space 102912K, 0% used [0x00000000f9380000,0x00000000f9380000,0x00000000ff800000)
 ParOldGen       total 539648K, used 354570K [0x00000000c0000000, 0x00000000e0f00000, 0x00000000eab00000)
  object space 539648K, 65% used [0x00000000c0000000,0x00000000d5a42918,0x00000000e0f00000)
 Metaspace       used 6470K, capacity 7280K, committed 7552K, reserved 1056768K
  class space    used 590K, capacity 616K, committed 640K, reserved 1048576K
}
Event: 18.958 GC heap before
{Heap before GC invocations=25 (full 3):
 PSYoungGen      total 169984K, used 169922K [0x00000000eab00000, 0x00000000ff800000, 0x0000000100000000)
  eden space 132096K, 100% used [0x00000000eab00000,0x00000000f2c00000,0x00000000f2c00000)
  from space 37888K, 99% used [0x00000000f2c00000,0x00000000f50f0a40,0x00000000f5100000)
  to   space 102912K, 0% used [0x00000000f9380000,0x00000000f9380000,0x00000000ff800000)
 ParOldGen       total 539648K, used 354570K [0x00000000c0000000, 0x00000000e0f00000, 0x00000000eab00000)
  object space 539648K, 65% used [0x00000000c0000000,0x00000000d5a42918,0x00000000e0f00000)
 Metaspace       used 6472K, capacity 7280K, committed 7552K, reserved 1056768K
  class space    used 590K, capacity 616K, committed 640K, reserved 1048576K
Event: 19.043 GC heap after
Heap after GC invocations=25 (full 3):
 PSYoungGen      total 240640K, used 55626K [0x00000000eab00000, 0x0000000100000000, 0x0000000100000000)
  eden space 137728K, 0% used [0x00000000eab00000,0x00000000eab00000,0x00000000f3180000)
  from space 102912K, 54% used [0x00000000f9380000,0x00000000fc9d2a50,0x00000000ff800000)
  to   space 100352K, 0% used [0x00000000f3180000,0x00000000f3180000,0x00000000f9380000)
 ParOldGen       total 539648K, used 354570K [0x00000000c0000000, 0x00000000e0f00000, 0x00000000eab00000)
  object space 539648K, 65% used [0x00000000c0000000,0x00000000d5a42918,0x00000000e0f00000)
 Metaspace       used 6472K, capacity 7280K, committed 7552K, reserved 1056768K
  class space    used 590K, capacity 616K, committed 640K, reserved 1048576K
}
Event: 19.442 GC heap before
{Heap before GC invocations=26 (full 3):
 PSYoungGen      total 240640K, used 193354K [0x00000000eab00000, 0x0000000100000000, 0x0000000100000000)
  eden space 137728K, 100% used [0x00000000eab00000,0x00000000f3180000,0x00000000f3180000)
  from space 102912K, 54% used [0x00000000f9380000,0x00000000fc9d2a50,0x00000000ff800000)
  to   space 100352K, 0% used [0x00000000f3180000,0x00000000f3180000,0x00000000f9380000)
 ParOldGen       total 539648K, used 354570K [0x00000000c0000000, 0x00000000e0f00000, 0x00000000eab00000)
  object space 539648K, 65% used [0x00000000c0000000,0x00000000d5a42918,0x00000000e0f00000)
 Metaspace       used 6472K, capacity 7280K, committed 7552K, reserved 1056768K
  class space    used 590K, capacity 616K, committed 640K, reserved 1048576K
Event: 19.603 GC heap after
Heap after GC invocations=26 (full 3):
 PSYoungGen      total 238080K, used 75856K [0x00000000eab00000, 0x0000000100000000, 0x0000000100000000)
  eden space 137728K, 0% used [0x00000000eab00000,0x00000000eab00000,0x00000000f3180000)
  from space 100352K, 75% used [0x00000000f3180000,0x00000000f7b94148,0x00000000f9380000)
  to   space 105472K, 0% used [0x00000000f9900000,0x00000000f9900000,0x0000000100000000)
 ParOldGen       total 539648K, used 354570K [0x00000000c0000000, 0x00000000e0f00000, 0x00000000eab00000)
  object space 539648K, 65% used [0x00000000c0000000,0x00000000d5a42918,0x00000000e0f00000)
 Metaspace       used 6472K, capacity 7280K, committed 7552K, reserved 1056768K
  class space    used 590K, capacity 616K, committed 640K, reserved 1048576K
}
Event: 19.991 GC heap before
{Heap before GC invocations=27 (full 3):
 PSYoungGen      total 238080K, used 213584K [0x00000000eab00000, 0x0000000100000000, 0x0000000100000000)
  eden space 137728K, 100% used [0x00000000eab00000,0x00000000f3180000,0x00000000f3180000)
  from space 100352K, 75% used [0x00000000f3180000,0x00000000f7b94148,0x00000000f9380000)
  to   space 105472K, 0% used [0x00000000f9900000,0x00000000f9900000,0x0000000100000000)
 ParOldGen       total 539648K, used 354570K [0x00000000c0000000, 0x00000000e0f00000, 0x00000000eab00000)
  object space 539648K, 65% used [0x00000000c0000000,0x00000000d5a42918,0x00000000e0f00000)
 Metaspace       used 6472K, capacity 7280K, committed 7552K, reserved 1056768K
  class space    used 590K, capacity 616K, committed 640K, reserved 1048576K

