# JRE version: OpenJDK Runtime Environment (8.0_112-b06) (build 1.8.0_112-release-b06)
# Java VM: OpenJDK 64-Bit Server VM (25.112-b06 mixed mode windows-amd64 compressed oops)
Heap:
 PSYoungGen      total 235520K, used 39911K [0x00000000eab00000, 0x0000000100000000, 0x0000000100000000)
  eden space 195584K, 0% used [0x00000000eab00000,0x00000000eab00000,0x00000000f6a00000)
  from space 39936K, 99% used [0x00000000fd900000,0x00000000ffff9ef0,0x0000000100000000)
  to   space 76800K, 0% used [0x00000000f6a00000,0x00000000f6a00000,0x00000000fb500000)
 ParOldGen       total 108032K, used 99017K [0x00000000c0000000, 0x00000000c6980000, 0x00000000eab00000)
  object space 108032K, 91% used [0x00000000c0000000,0x00000000c60b2788,0x00000000c6980000)
 Metaspace       used 6438K, capacity 7280K, committed 7552K, reserved 1056768K
  class space    used 586K, capacity 616K, committed 640K, reserved 1048576K
GC Heap History (10 events):
Event: 2.252 GC heap after
Heap after GC invocations=4 (full 0):
 PSYoungGen      total 168448K, used 6644K [0x00000000eab00000, 0x00000000f5600000, 0x0000000100000000)
  eden space 161792K, 0% used [0x00000000eab00000,0x00000000eab00000,0x00000000f4900000)
  from space 6656K, 99% used [0x00000000f4f80000,0x00000000f55fd3c0,0x00000000f5600000)
  to   space 6656K, 0% used [0x00000000f4900000,0x00000000f4900000,0x00000000f4f80000)
 ParOldGen       total 108032K, used 20603K [0x00000000c0000000, 0x00000000c6980000, 0x00000000eab00000)
  object space 108032K, 19% used [0x00000000c0000000,0x00000000c141ec70,0x00000000c6980000)
 Metaspace       used 6300K, capacity 7216K, committed 7296K, reserved 1056768K
  class space    used 586K, capacity 616K, committed 640K, reserved 1048576K
}
Event: 3.261 GC heap before
{Heap before GC invocations=5 (full 0):
 PSYoungGen      total 168448K, used 168436K [0x00000000eab00000, 0x00000000f5600000, 0x0000000100000000)
  eden space 161792K, 100% used [0x00000000eab00000,0x00000000f4900000,0x00000000f4900000)
  from space 6656K, 99% used [0x00000000f4f80000,0x00000000f55fd3c0,0x00000000f5600000)
  to   space 6656K, 0% used [0x00000000f4900000,0x00000000f4900000,0x00000000f4f80000)
 ParOldGen       total 108032K, used 20603K [0x00000000c0000000, 0x00000000c6980000, 0x00000000eab00000)
  object space 108032K, 19% used [0x00000000c0000000,0x00000000c141ec70,0x00000000c6980000)
 Metaspace       used 6366K, capacity 7216K, committed 7296K, reserved 1056768K
  class space    used 586K, capacity 616K, committed 640K, reserved 1048576K
Event: 3.321 GC heap after
Heap after GC invocations=5 (full 0):
 PSYoungGen      total 168448K, used 6632K [0x00000000eab00000, 0x0000000100000000, 0x0000000100000000)
  eden space 161792K, 0% used [0x00000000eab00000,0x00000000eab00000,0x00000000f4900000)
  from space 6656K, 99% used [0x00000000f4900000,0x00000000f4f7a158,0x00000000f4f80000)
  to   space 34304K, 0% used [0x00000000fde80000,0x00000000fde80000,0x0000000100000000)
 ParOldGen       total 108032K, used 44037K [0x00000000c0000000, 0x00000000c6980000, 0x00000000eab00000)
  object space 108032K, 40% used [0x00000000c0000000,0x00000000c2b014d0,0x00000000c6980000)
 Metaspace       used 6366K, capacity 7216K, committed 7296K, reserved 1056768K
  class space    used 586K, capacity 616K, committed 640K, reserved 1048576K
}
Event: 4.245 GC heap before
{Heap before GC invocations=6 (full 0):
 PSYoungGen      total 168448K, used 168424K [0x00000000eab00000, 0x0000000100000000, 0x0000000100000000)
  eden space 161792K, 100% used [0x00000000eab00000,0x00000000f4900000,0x00000000f4900000)
  from space 6656K, 99% used [0x00000000f4900000,0x00000000f4f7a158,0x00000000f4f80000)
  to   space 34304K, 0% used [0x00000000fde80000,0x00000000fde80000,0x0000000100000000)
 ParOldGen       total 108032K, used 44037K [0x00000000c0000000, 0x00000000c6980000, 0x00000000eab00000)
  object space 108032K, 40% used [0x00000000c0000000,0x00000000c2b014d0,0x00000000c6980000)
 Metaspace       used 6398K, capacity 7280K, committed 7552K, reserved 1056768K
  class space    used 586K, capacity 616K, committed 640K, reserved 1048576K
Event: 4.309 GC heap after
Heap after GC invocations=6 (full 0):
 PSYoungGen      total 303616K, used 29223K [0x00000000eab00000, 0x0000000100000000, 0x0000000100000000)
  eden space 269312K, 0% used [0x00000000eab00000,0x00000000eab00000,0x00000000fb200000)
  from space 34304K, 85% used [0x00000000fde80000,0x00000000ffb09cd8,0x0000000100000000)
  to   space 39936K, 0% used [0x00000000fb200000,0x00000000fb200000,0x00000000fd900000)
 ParOldGen       total 108032K, used 44037K [0x00000000c0000000, 0x00000000c6980000, 0x00000000eab00000)
  object space 108032K, 40% used [0x00000000c0000000,0x00000000c2b014d0,0x00000000c6980000)
 Metaspace       used 6398K, capacity 7280K, committed 7552K, reserved 1056768K
  class space    used 586K, capacity 616K, committed 640K, reserved 1048576K
}
Event: 5.706 GC heap before
{Heap before GC invocations=7 (full 0):
 PSYoungGen      total 303616K, used 298535K [0x00000000eab00000, 0x0000000100000000, 0x0000000100000000)
  eden space 269312K, 100% used [0x00000000eab00000,0x00000000fb200000,0x00000000fb200000)
  from space 34304K, 85% used [0x00000000fde80000,0x00000000ffb09cd8,0x0000000100000000)
  to   space 39936K, 0% used [0x00000000fb200000,0x00000000fb200000,0x00000000fd900000)
 ParOldGen       total 108032K, used 44037K [0x00000000c0000000, 0x00000000c6980000, 0x00000000eab00000)
  object space 108032K, 40% used [0x00000000c0000000,0x00000000c2b014d0,0x00000000c6980000)
 Metaspace       used 6419K, capacity 7280K, committed 7552K, reserved 1056768K
  class space    used 586K, capacity 616K, committed 640K, reserved 1048576K
Event: 5.836 GC heap after
Heap after GC invocations=7 (full 0):
 PSYoungGen      total 309248K, used 39923K [0x00000000eab00000, 0x0000000100000000, 0x0000000100000000)
  eden space 269312K, 0% used [0x00000000eab00000,0x00000000eab00000,0x00000000fb200000)
  from space 39936K, 99% used [0x00000000fb200000,0x00000000fd8fcd48,0x00000000fd900000)
  to   space 39936K, 0% used [0x00000000fd900000,0x00000000fd900000,0x0000000100000000)
 ParOldGen       total 108032K, used 70880K [0x00000000c0000000, 0x00000000c6980000, 0x00000000eab00000)
  object space 108032K, 65% used [0x00000000c0000000,0x00000000c4538308,0x00000000c6980000)
 Metaspace       used 6419K, capacity 7280K, committed 7552K, reserved 1056768K
  class space    used 586K, capacity 616K, committed 640K, reserved 1048576K
}
Event: 6.854 GC heap before
{Heap before GC invocations=8 (full 0):
 PSYoungGen      total 309248K, used 309235K [0x00000000eab00000, 0x0000000100000000, 0x0000000100000000)
  eden space 269312K, 100% used [0x00000000eab00000,0x00000000fb200000,0x00000000fb200000)
  from space 39936K, 99% used [0x00000000fb200000,0x00000000fd8fcd48,0x00000000fd900000)
  to   space 39936K, 0% used [0x00000000fd900000,0x00000000fd900000,0x0000000100000000)
 ParOldGen       total 108032K, used 70880K [0x00000000c0000000, 0x00000000c6980000, 0x00000000eab00000)
  object space 108032K, 65% used [0x00000000c0000000,0x00000000c4538308,0x00000000c6980000)
 Metaspace       used 6438K, capacity 7280K, committed 7552K, reserved 1056768K
  class space    used 586K, capacity 616K, committed 640K, reserved 1048576K
Event: 7.006 GC heap after
Heap after GC invocations=8 (full 0):
 PSYoungGen      total 235520K, used 39911K [0x00000000eab00000, 0x0000000100000000, 0x0000000100000000)
  eden space 195584K, 0% used [0x00000000eab00000,0x00000000eab00000,0x00000000f6a00000)
  from space 39936K, 99% used [0x00000000fd900000,0x00000000ffff9ef0,0x0000000100000000)
  to   space 76800K, 0% used [0x00000000f6a00000,0x00000000f6a00000,0x00000000fb500000)
 ParOldGen       total 108032K, used 99017K [0x00000000c0000000, 0x00000000c6980000, 0x00000000eab00000)
  object space 108032K, 91% used [0x00000000c0000000,0x00000000c60b2788,0x00000000c6980000)
 Metaspace       used 6438K, capacity 7280K, committed 7552K, reserved 1056768K
  class space    used 586K, capacity 616K, committed 640K, reserved 1048576K
}
Event: 7.006 GC heap before
{Heap before GC invocations=9 (full 1):
 PSYoungGen      total 235520K, used 39911K [0x00000000eab00000, 0x0000000100000000, 0x0000000100000000)
  eden space 195584K, 0% used [0x00000000eab00000,0x00000000eab00000,0x00000000f6a00000)
  from space 39936K, 99% used [0x00000000fd900000,0x00000000ffff9ef0,0x0000000100000000)
  to   space 76800K, 0% used [0x00000000f6a00000,0x00000000f6a00000,0x00000000fb500000)
 ParOldGen       total 108032K, used 99017K [0x00000000c0000000, 0x00000000c6980000, 0x00000000eab00000)
  object space 108032K, 91% used [0x00000000c0000000,0x00000000c60b2788,0x00000000c6980000)
 Metaspace       used 6438K, capacity 7280K, committed 7552K, reserved 1056768K
  class space    used 586K, capacity 616K, committed 640K, reserved 1048576K

